<?xml version="1.0" encoding="UTF-8"?>
<testng-results skipped="0" failed="0" ignored="0" total="1" passed="1">
  <reporter-output>
  </reporter-output>
  <suite name="Default suite" duration-ms="43" started-at="2020-08-28T08:36:41 EDT" finished-at="2020-08-28T08:36:41 EDT">
    <groups>
    </groups>
    <test name="Default test" duration-ms="43" started-at="2020-08-28T08:36:41 EDT" finished-at="2020-08-28T08:36:41 EDT">
      <class name="com.syntax.test.testNGTest">
        <test-method status="PASS" signature="hello()[pri:0, instance:com.syntax.test.testNGTest@65e2dbf3]" name="hello" duration-ms="8" started-at="2020-08-28T08:36:41 EDT" finished-at="2020-08-28T08:36:41 EDT">
          <reporter-output>
          </reporter-output>
        </test-method> <!-- hello -->
      </class> <!-- com.syntax.test.testNGTest -->
    </test> <!-- Default test -->
  </suite> <!-- Default suite -->
</testng-results>
